<?xml version="1.0" encoding="UTF-8"?>
<!-- Generated by org.testng.reporters.JUnitXMLReporter -->
<testsuite ignored="0" hostname="srilakshmis-MacBook-Air.local" failures="0" tests="3" name="Default test" time="31.571" errors="0" timestamp="2022-03-14T09:40:18 IST">
  <testcase classname="com.Maven.TestNg.PRact" name="fB" time="13.796"/>
  <testcase classname="com.Maven.TestNg.PRact" name="xone2" time="6.642"/>
  <testcase classname="com.Maven.TestNg.PRact" name="zZ" time="11.036"/>
</testsuite> <!-- Default test -->
